[35m[1mConsolidate compiler generated dependencies of target visual_slam_node[0m
[  8%] [32mBuilding CXX object CMakeFiles/visual_slam_node.dir/src/visual_slam_node.cpp.o[0m
[01m[K/workspaces/isaac_ros-dev/src/isaac_ros_visual_slam/isaac_ros_visual_slam/src/visual_slam_node.cpp:[m[K In member function â€˜[01m[Kvoid isaac_ros::visual_slam::VisualSlamNode::CallbackLoadMapAndLocalizeAccepted(std::shared_ptr<rclcpp_action::ServerGoalHandle<isaac_ros_visual_slam_interfaces::action::LoadMapAndLocalize> >)[m[Kâ€™:
[01m[K/workspaces/isaac_ros-dev/src/isaac_ros_visual_slam/isaac_ros_visual_slam/src/visual_slam_node.cpp:529:41:[m[K [01;31m[Kerror: [m[Kexpected â€˜[01m[K;[m[Kâ€™ before â€˜[01m[K}[m[Kâ€™ token
  529 |     return;VisualSlamNode::CallbackReset
      |                                         [01;31m[K^[m[K
      |                                         [32m[K;[m[K
  530 |   [32m[K}[m[K
      |   [32m[K~[m[K                                      
[01m[K/workspaces/isaac_ros-dev/src/isaac_ros_visual_slam/isaac_ros_visual_slam/src/visual_slam_node.cpp:529:28:[m[K [01;31m[Kerror: [m[Kinvalid use of non-static member function â€˜[01m[Kvoid isaac_ros::visual_slam::VisualSlamNode::CallbackReset(std::shared_ptr<isaac_ros_visual_slam_interfaces::srv::Reset_Request_<std::allocator<void> > >, std::shared_ptr<isaac_ros_visual_slam_interfaces::srv::Reset_Response_<std::allocator<void> > >)[m[Kâ€™
  529 |     return;[01;31m[KVisualSlamNode::CallbackReset[m[K
      |            [01;31m[K~~~~~~~~~~~~~~~~^~~~~~~~~~~~~[m[K
[01m[K/workspaces/isaac_ros-dev/src/isaac_ros_visual_slam/isaac_ros_visual_slam/src/visual_slam_node.cpp:244:6:[m[K [01;36m[Knote: [m[Kdeclared here
  244 | void [01;36m[KVisualSlamNode[m[K::CallbackReset(
      |      [01;36m[K^~~~~~~~~~~~~~[m[K
make[2]: *** [CMakeFiles/visual_slam_node.dir/build.make:76: CMakeFiles/visual_slam_node.dir/src/visual_slam_node.cpp.o] Error 1
make[1]: *** [CMakeFiles/Makefile2:139: CMakeFiles/visual_slam_node.dir/all] Error 2
make: *** [Makefile:146: all] Error 2
